INFO:ImportIFC:Starting import
INFO:ImportIFC:loading file C:\Temp\ifc_files\MyLayerTest.ifc
INFO:ImportIFC:Starting import
INFO:ImportIFC:loading file C:\Temp\ifc_files\MyLayerTest.ifc
INFO:ImportIFC:Starting import
INFO:ImportIFC:loading file C:\Temp\ifc_files\MyLayerTest.ifc
INFO:ImportIFC:Starting import
INFO:ImportIFC:loading file C:\Temp\ifc_files\MyLayerTest.ifc
INFO:ImportIFC:Starting import
INFO:ImportIFC:loading file C:\Temp\ifc_files\MyLayerTest.ifc
INFO:ImportIFC:Creating object #20=IfcProject('3UJCj26s8HwxY$cAzbL1eO',#5,'MyLayersProject',$,$,$,$,(#11),#19)
INFO:ImportIFC:Creating object #29=IfcSite('3U8zIK6s8HwvkacAzbL1eO',#5,'MySite',$,$,#28,$,$,.ELEMENT.,$,$,$,$,$)
INFO:ImportIFC:Creating object #96=IfcBuilding('3U9f4w6s8Hww4PcAzbL1eO',#5,'MyBldg',$,$,#95,$,$,.ELEMENT.,$,$,$)
INFO:ImportIFC:Creating object #89=IfcBeamType('3UK2QY6s8HwwC4cAzbL1eO',#5,'BG300x200x10x20','BG300x200x10x20',$,$,$,$,$,.BEAM.)
INFO:ImportIFC:Creating object #113=IfcBeam('3U9wAe6s8HwxBEcAzbL1eO',#5,'MyBeam','BG300x200x10x20','Beam',#109,#112,'MyBeam',$)
INFO:ImportIFC:Creating object #140=IfcPlate('3UA0KC6s8Hww2NcAzbL1eO',#5,'Web1','Web1',$,#124,#139,$,$)
INFO:ImportIFC:Creating object #161=IfcPlate('3UAJrs6s8HwvWrcAzbL1eO',#5,'Web2','Web2',$,#145,#160,$,$)
INFO:ImportIFC:Creating object #182=IfcPlate('3UAOk86s8Hwxy4cAzbL1eO',#5,'Fla1','Fla1',$,#166,#181,$,$)
INFO:ImportIFC:Creating object #203=IfcPlate('3UATfS6s8HwxrxcAzbL1eO',#5,'Fla2','Fla2',$,#187,#202,$,$)
INFO:ImportIFC:Import finished in 0.06 seconds
INFO:ImportIFC:Starting import
INFO:ImportIFC:loading file C:\Temp\ifc_files\MyLayerTest.ifc
INFO:ImportIFC:Creating object #20=IfcProject('0vsj5v738Hwv$Tw2f4ZOUQ',#5,'MyLayersProject',$,$,$,$,(#11),#19)
INFO:ImportIFC:Creating object #29=IfcSite('0vePem738HwvrHw2f4ZOUQ',#5,'MySite',$,$,#28,$,$,.ELEMENT.,$,$,$,$,$)
INFO:ImportIFC:Creating object #96=IfcBuilding('0ve$o7738Hww36w2f4ZOUQ',#5,'MyBldg',$,$,#95,$,$,.ELEMENT.,$,$,$)
INFO:ImportIFC:Creating object #89=IfcBeamType('0vuVaV738HwuIfw2f4ZOUQ',#5,'BG300x200x10x20','BG300x200x10x20',$,$,$,$,$,.BEAM.)
INFO:ImportIFC:Creating object #113=IfcBeam('0vgC5T738Hwwy1w2f4ZOUQ',#5,'MyBeam','BG300x200x10x20','Beam',#109,#112,'MyBeam',$)
INFO:ImportIFC:Creating object #140=IfcPlate('0vgoEG738Hwx97w2f4ZOUQ',#5,'Web1','Web1',$,#124,#139,$,$)
INFO:ImportIFC:Creating object #161=IfcPlate('0vhONr738Hwubhw2f4ZOUQ',#5,'Web2','Web2',$,#145,#160,$,$)
INFO:ImportIFC:Creating object #182=IfcPlate('0vh_X3738HwvTFw2f4ZOUQ',#5,'Fla1','Fla1',$,#166,#181,$,$)
INFO:ImportIFC:Creating object #203=IfcPlate('0viafN738Hwuj8w2f4ZOUQ',#5,'Fla2','Fla2',$,#187,#202,$,$)
INFO:ImportIFC:Import finished in 0.07 seconds
INFO:ExportIFC:Starting export
INFO:ExportIFC:Export finished in 0.05 seconds
INFO:ImportIFC:Starting import
INFO:ImportIFC:loading file C:\Temp\ifc_files\MyLayerTest.ifc
INFO:ImportIFC:Creating object #20=IfcProject('0vsj5v738Hwv$Tw2f4ZOUQ',#5,'MyLayersProject',$,$,$,$,(#11),#19)
INFO:ImportIFC:Creating object #29=IfcSite('0vePem738HwvrHw2f4ZOUQ',#5,'MySite',$,$,#28,$,$,.ELEMENT.,$,$,$,$,$)
INFO:ImportIFC:Creating object #96=IfcBuilding('0ve$o7738Hww36w2f4ZOUQ',#5,'MyBldg',$,$,#95,$,$,.ELEMENT.,$,$,$)
INFO:ImportIFC:Creating object #89=IfcBeamType('0vuVaV738HwuIfw2f4ZOUQ',#5,'BG300x200x10x20','BG300x200x10x20',$,$,$,$,$,.BEAM.)
INFO:ImportIFC:Creating object #113=IfcBeam('0vgC5T738Hwwy1w2f4ZOUQ',#5,'MyBeam','BG300x200x10x20','Beam',#109,#112,'MyBeam',$)
INFO:ImportIFC:Creating object #140=IfcPlate('0vgoEG738Hwx97w2f4ZOUQ',#5,'Web1','Web1',$,#124,#139,$,$)
INFO:ImportIFC:Creating object #161=IfcPlate('0vhONr738Hwubhw2f4ZOUQ',#5,'Web2','Web2',$,#145,#160,$,$)
INFO:ImportIFC:Creating object #182=IfcPlate('0vh_X3738HwvTFw2f4ZOUQ',#5,'Fla1','Fla1',$,#166,#181,$,$)
INFO:ImportIFC:Creating object #203=IfcPlate('0viafN738Hwuj8w2f4ZOUQ',#5,'Fla2','Fla2',$,#187,#202,$,$)
INFO:ImportIFC:Import finished in 0.04 seconds
INFO:ImportIFC:Starting import
INFO:ImportIFC:loading file C:\Temp\ifc_files\MyLayerTest.ifc
INFO:ImportIFC:Creating object #20=IfcProject('0vsj5v738Hwv$Tw2f4ZOUQ',#5,'MyLayersProject',$,$,$,$,(#11),#19)
INFO:ImportIFC:Creating object #29=IfcSite('0vePem738HwvrHw2f4ZOUQ',#5,'MySite',$,$,#28,$,$,.ELEMENT.,$,$,$,$,$)
INFO:ImportIFC:Creating object #96=IfcBuilding('0ve$o7738Hww36w2f4ZOUQ',#5,'MyBldg',$,$,#95,$,$,.ELEMENT.,$,$,$)
INFO:ImportIFC:Creating object #89=IfcBeamType('0vuVaV738HwuIfw2f4ZOUQ',#5,'BG300x200x10x20','BG300x200x10x20',$,$,$,$,$,.BEAM.)
INFO:ImportIFC:Creating object #113=IfcBeam('0vgC5T738Hwwy1w2f4ZOUQ',#5,'MyBeam','BG300x200x10x20','Beam',#109,#112,'MyBeam',$)
INFO:ImportIFC:Creating object #140=IfcPlate('0vgoEG738Hwx97w2f4ZOUQ',#5,'Web1','Web1',$,#124,#139,$,$)
INFO:ImportIFC:Creating object #161=IfcPlate('0vhONr738Hwubhw2f4ZOUQ',#5,'Web2','Web2',$,#145,#160,$,$)
INFO:ImportIFC:Creating object #182=IfcPlate('0vh_X3738HwvTFw2f4ZOUQ',#5,'Fla1','Fla1',$,#166,#181,$,$)
INFO:ImportIFC:Creating object #203=IfcPlate('0viafN738Hwuj8w2f4ZOUQ',#5,'Fla2','Fla2',$,#187,#202,$,$)
INFO:ImportIFC:Import finished in 0.04 seconds
INFO:ImportIFC:Starting import
INFO:ImportIFC:loading file C:\Temp\ifc_files\MyLayerTest.ifc
INFO:ImportIFC:Creating object #20=IfcProject('0vsj5v738Hwv$Tw2f4ZOUQ',#5,'MyLayersProject',$,$,$,$,(#11),#19)
INFO:ImportIFC:Creating object #29=IfcSite('0vePem738HwvrHw2f4ZOUQ',#5,'MySite',$,$,#28,$,$,.ELEMENT.,$,$,$,$,$)
INFO:ImportIFC:Creating object #96=IfcBuilding('0ve$o7738Hww36w2f4ZOUQ',#5,'MyBldg',$,$,#95,$,$,.ELEMENT.,$,$,$)
INFO:ImportIFC:Creating object #89=IfcBeamType('0vuVaV738HwuIfw2f4ZOUQ',#5,'BG300x200x10x20','BG300x200x10x20',$,$,$,$,$,.BEAM.)
INFO:ImportIFC:Creating object #113=IfcBeam('0vgC5T738Hwwy1w2f4ZOUQ',#5,'MyBeam','BG300x200x10x20','Beam',#109,#112,'MyBeam',$)
INFO:ImportIFC:Creating object #140=IfcPlate('0vgoEG738Hwx97w2f4ZOUQ',#5,'Web1','Web1',$,#124,#139,$,$)
INFO:ImportIFC:Creating object #161=IfcPlate('0vhONr738Hwubhw2f4ZOUQ',#5,'Web2','Web2',$,#145,#160,$,$)
INFO:ImportIFC:Creating object #182=IfcPlate('0vh_X3738HwvTFw2f4ZOUQ',#5,'Fla1','Fla1',$,#166,#181,$,$)
INFO:ImportIFC:Creating object #203=IfcPlate('0viafN738Hwuj8w2f4ZOUQ',#5,'Fla2','Fla2',$,#187,#202,$,$)
INFO:ImportIFC:Import finished in 0.04 seconds
INFO:ExportIFC:Starting export
